#
# A fatal error has been detected by the Java Runtime Environment:
#
#  EXCEPTION_ACCESS_VIOLATION (0xc0000005) at pc=0x00007ffc7a86b583, pid=15136, tid=18860
#
# JRE version: Java(TM) SE Runtime Environment 18.9 (11.0.12+8) (build 11.0.12+8-LTS-237)
# Java VM: Java HotSpot(TM) 64-Bit Server VM 18.9 (11.0.12+8-LTS-237, mixed mode, tiered, compressed oops, g1 gc, windows-amd64)
# Problematic frame:
# V  [jvm.dll+0x6eb583]
#
# No core dump will be written. Minidumps are not enabled by default on client versions of Windows
#
# If you would like to submit a bug report, please visit:
#   https://bugreport.java.com/bugreport/crash.jsp
#

---------------  S U M M A R Y ------------

Command Line: -agentlib:jdwp=transport=dt_socket,suspend=y,address=localhost:50311 -javaagent:D:\Eclipse\eclipse\configuration\org.eclipse.osgi\222\0\.cp\lib\javaagent-shaded.jar -Dfile.encoding=Cp1252 main.Main

Host: Intel(R) Core(TM) i7-8750H CPU @ 2.20GHz, 12 cores, 15G,  Windows 10 , 64 bit Build 19041 (10.0.19041.1348)
Time: Fri Nov 19 09:48:30 2021 Hora est. Pacífico, Sudamérica elapsed time: 223.657979 seconds (0d 0h 3m 43s)

---------------  T H R E A D  ---------------

Current thread (0x0000020eb9757800):  JavaThread "main" [_thread_in_vm, id=18860, stack(0x0000007f7fa00000,0x0000007f7fb00000)]

Stack: [0x0000007f7fa00000,0x0000007f7fb00000],  sp=0x0000007f7fafdda0,  free space=1015k
Native frames: (J=compiled Java code, j=interpreted, Vv=VM code, C=native code)
V  [jvm.dll+0x6eb583]
V  [jvm.dll+0x6ec7a1]
V  [jvm.dll+0x6ec9d3]
V  [jvm.dll+0x3d7944]
V  [jvm.dll+0x3df6b9]
C  [verify.dll+0x211b]
C  [verify.dll+0x3502]
C  [verify.dll+0x23f1]
C  [verify.dll+0x3e49]
C  [verify.dll+0x4a56]
C  [verify.dll+0x57a2]
C  [verify.dll+0x15be]
V  [jvm.dll+0x73b249]
V  [jvm.dll+0x73d0c2]
V  [jvm.dll+0x3524f2]
V  [jvm.dll+0x3516ea]
V  [jvm.dll+0x351688]
V  [jvm.dll+0x35f693]
C  0x0000020ec1c3e0ff

Java frames: (J=compiled Java code, j=interpreted, Vv=VM code)
j  util.X509Utils.firmaValidaArchivo(Ljava/io/File;Ljava/lang/String;Ljava/lang/String;Lutil/TokensValidos;Ljava/lang/String;)Ljava/lang/String;+211
j  main.Main.main([Ljava/lang/String;)V+146
v  ~StubRoutines::call_stub

siginfo: EXCEPTION_ACCESS_VIOLATION (0xc0000005), reading address 0xffffffffffffffff


Register to memory mapping:

RIP=0x00007ffc7a86b583 jvm.dll
RAX=0x003b70614d003b67 is an unknown value
RBX=0x0000020eb75361b0 points into unknown readable memory: 0x0000020e00000002 | 02 00 00 00 0e 02 00 00
RCX=0x0000020ede7a82c0 points into unknown readable memory: 0x00000007120ffae8 | e8 fa 0f 12 07 00 00 00
RDX=0x0000000000000050 is an unknown value
RSP=0x0000007f7fafdda0 is pointing into the stack for thread: 0x0000020eb9757800
RBP=0x0000007f7fafdea0 is pointing into the stack for thread: 0x0000020eb9757800
RSI=0x0000020ede4d2e70 points into unknown readable memory: 0x0000000000000000 | 00 00 00 00 00 00 00 00
RDI=0x0000020ede7a82c0 points into unknown readable memory: 0x00000007120ffae8 | e8 fa 0f 12 07 00 00 00
R8 =0x0000000000000002 is an unknown value
R9 =0x0000000000000002 is an unknown value
R10=0x0000020eb9746620 points into unknown readable memory: 0x0000003c00000001 | 01 00 00 00 3c 00 00 00
R11=0x0000007f7fafdcc0 is pointing into the stack for thread: 0x0000020eb9757800
R12=0x0000020ede4d4270 points into unknown readable memory: 0x0000000712dfe270 | 70 e2 df 12 07 00 00 00
R13=0x0000020eb9757800 is a thread
R14=0x0 is NULL
R15=0x0000020ede778f90 points into unknown readable memory: 0x736515a00002002f | 2f 00 02 00 a0 15 65 73


Registers:
RAX=0x003b70614d003b67, RBX=0x0000020eb75361b0, RCX=0x0000020ede7a82c0, RDX=0x0000000000000050
RSP=0x0000007f7fafdda0, RBP=0x0000007f7fafdea0, RSI=0x0000020ede4d2e70, RDI=0x0000020ede7a82c0
R8 =0x0000000000000002, R9 =0x0000000000000002, R10=0x0000020eb9746620, R11=0x0000007f7fafdcc0
R12=0x0000020ede4d4270, R13=0x0000020eb9757800, R14=0x0000000000000000, R15=0x0000020ede778f90
RIP=0x00007ffc7a86b583, EFLAGS=0x0000000000010246

Top of Stack: (sp=0x0000007f7fafdda0)
0x0000007f7fafdda0:   0000007f7fafde00 0000020ede4d2e00
0x0000007f7fafddb0:   000000000000002f 0000020eb755002e
0x0000007f7fafddc0:   0000020edd49cf68 0000020eb7559948
0x0000007f7fafddd0:   0000020eb9757800 00007ffc7a78b1aa
0x0000007f7fafdde0:   0000000000000018 0000020e00000001
0x0000007f7fafddf0:   0000020ede7a88c0 0000020eb7559938
0x0000007f7fafde00:   0000020eb7559948 000000000000000c
0x0000007f7fafde10:   0000020ede7a82c0 00007ffc7a2313c8
0x0000007f7fafde20:   0000000000000008 0000000000000001
0x0000007f7fafde30:   0000020ede778f90 0000000000000018
0x0000007f7fafde40:   0000000000000000 0000000000000000
0x0000007f7fafde50:   0000000000000000 0000000000000000
0x0000007f7fafde60:   0000000000000000 0000000000000000
0x0000007f7fafde70:   0000000000000000 00000000853ddd67
0x0000007f7fafde80:   0000020ede779a01 0000020eb9756d80
0x0000007f7fafde90:   0000020eb9756dd0 0000020eb9756e20 

Instructions: (pc=0x00007ffc7a86b583)
0x00007ffc7a86b563:   75 26 48 8b 7c 24 70 48 85 ff 74 22 48 8b cf e8
0x00007ffc7a86b573:   09 52 c8 ff 84 c0 75 16 48 8b cf e8 dd de c7 ff
0x00007ffc7a86b583:   4c 3b 78 18 74 05 eb 06 49 8b c6 4c 8b f0 48 8d
0x00007ffc7a86b593:   4d d0 e8 e6 ac ad ff 48 83 3e 00 74 14 48 8b 55 


Stack slot to memory mapping:
stack at sp + 0 slots: 0x0000007f7fafde00 is pointing into the stack for thread: 0x0000020eb9757800
stack at sp + 1 slots: 0x0000020ede4d2e00 points into unknown readable memory: 0x0000000000000000 | 00 00 00 00 00 00 00 00
stack at sp + 2 slots: 0x000000000000002f is an unknown value
stack at sp + 3 slots: 0x0000020eb755002e points into unknown readable memory: 00 00
stack at sp + 4 slots: 0x0000020edd49cf68 points into unknown readable memory: 0x4c28293affff0025 | 25 00 ff ff 3a 29 28 4c
stack at sp + 5 slots: 0x0000020eb7559948 points into unknown readable memory: 0x00000007120ffae8 | e8 fa 0f 12 07 00 00 00
stack at sp + 6 slots: 0x0000020eb9757800 is a thread
stack at sp + 7 slots: 0x00007ffc7a78b1aa jvm.dll


---------------  P R O C E S S  ---------------

Threads class SMR info:
_java_thread_list=0x0000020ede8838a0, length=13, elements={
0x0000020eb9757800, 0x0000020edd54c000, 0x0000020edd54d000, 0x0000020edde5e800,
0x0000020edde04000, 0x0000020edde06000, 0x0000020edd55b800, 0x0000020edd55d000,
0x0000020edd55e800, 0x0000020eddfc7000, 0x0000020ede105000, 0x0000020ede14f800,
0x0000020ede15a000
}

Java Threads: ( => current thread )
=>0x0000020eb9757800 JavaThread "main" [_thread_in_vm, id=18860, stack(0x0000007f7fa00000,0x0000007f7fb00000)]
  0x0000020edd54c000 JavaThread "Reference Handler" daemon [_thread_blocked, id=12432, stack(0x0000007f00100000,0x0000007f00200000)]
  0x0000020edd54d000 JavaThread "Finalizer" daemon [_thread_blocked, id=5096, stack(0x0000007f00200000,0x0000007f00300000)]
  0x0000020edde5e800 JavaThread "Signal Dispatcher" daemon [_thread_blocked, id=11360, stack(0x0000007f00300000,0x0000007f00400000)]
  0x0000020edde04000 JavaThread "Attach Listener" daemon [_thread_blocked, id=4192, stack(0x0000007f00400000,0x0000007f00500000)]
  0x0000020edde06000 JavaThread "Service Thread" daemon [_thread_blocked, id=19168, stack(0x0000007f00500000,0x0000007f00600000)]
  0x0000020edd55b800 JavaThread "C2 CompilerThread0" daemon [_thread_blocked, id=1948, stack(0x0000007f00600000,0x0000007f00700000)]
  0x0000020edd55d000 JavaThread "C1 CompilerThread0" daemon [_thread_blocked, id=2948, stack(0x0000007f00700000,0x0000007f00800000)]
  0x0000020edd55e800 JavaThread "Sweeper thread" daemon [_thread_blocked, id=5152, stack(0x0000007f00800000,0x0000007f00900000)]
  0x0000020eddfc7000 JavaThread "Common-Cleaner" daemon [_thread_blocked, id=2712, stack(0x0000007f00900000,0x0000007f00a00000)]
  0x0000020ede105000 JavaThread "JDWP Transport Listener: dt_socket" daemon [_thread_blocked, id=18376, stack(0x0000007f00b00000,0x0000007f00c00000)]
  0x0000020ede14f800 JavaThread "JDWP Event Helper Thread" daemon [_thread_blocked, id=4520, stack(0x0000007f00c00000,0x0000007f00d00000)]
  0x0000020ede15a000 JavaThread "JDWP Command Reader" daemon [_thread_in_native, id=1336, stack(0x0000007f00d00000,0x0000007f00e00000)]

Other Threads:
  0x0000020edd521800 VMThread "VM Thread" [stack: 0x0000007f00000000,0x0000007f00100000] [id=9764]
  0x0000020ede77d000 WatcherThread [stack: 0x0000007f00e00000,0x0000007f00f00000] [id=16996]
  0x0000020eb976b800 GCTaskThread "GC Thread#0" [stack: 0x0000007f7fb00000,0x0000007f7fc00000] [id=3476]
  0x0000020eb97c2800 ConcurrentGCThread "G1 Main Marker" [stack: 0x0000007f7fc00000,0x0000007f7fd00000] [id=3844]
  0x0000020eb97c5800 ConcurrentGCThread "G1 Conc#0" [stack: 0x0000007f7fd00000,0x0000007f7fe00000] [id=8380]
  0x0000020edd422000 ConcurrentGCThread "G1 Refine#0" [stack: 0x0000007f7fe00000,0x0000007f7ff00000] [id=7972]
  0x0000020edd423000 ConcurrentGCThread "G1 Young RemSet Sampling" [stack: 0x0000007f7ff00000,0x0000007f80000000] [id=15040]

Threads with active compile tasks:

VM state:not at safepoint (normal execution)

VM Mutex/Monitor currently owned by a thread: None

Heap address: 0x0000000703200000, size: 4046 MB, Compressed Oops mode: Zero based, Oop shift amount: 3
Narrow klass base: 0x0000000800000000, Narrow klass shift: 0
Compressed class space size: 1073741824 Address: 0x0000000800000000

Heap:
 garbage-first heap   total 260096K, used 14336K [0x0000000703200000, 0x0000000800000000)
  region size 1024K, 16 young (16384K), 0 survivors (0K)
 Metaspace       used 9714K, capacity 9900K, committed 10240K, reserved 1058816K
  class space    used 871K, capacity 912K, committed 1024K, reserved 1048576K
Heap Regions: E=young(eden), S=young(survivor), O=old, HS=humongous(starts), HC=humongous(continues), CS=collection set, F=free, A=archive, TAMS=top-at-mark-start (previous, next)
|   0|0x0000000703200000, 0x0000000703200000, 0x0000000703300000|  0%| F|  |TAMS 0x0000000703200000, 0x0000000703200000| Untracked 
|   1|0x0000000703300000, 0x0000000703300000, 0x0000000703400000|  0%| F|  |TAMS 0x0000000703300000, 0x0000000703300000| Untracked 
|   2|0x0000000703400000, 0x0000000703400000, 0x0000000703500000|  0%| F|  |TAMS 0x0000000703400000, 0x0000000703400000| Untracked 
|   3|0x0000000703500000, 0x0000000703500000, 0x0000000703600000|  0%| F|  |TAMS 0x0000000703500000, 0x0000000703500000| Untracked 
|   4|0x0000000703600000, 0x0000000703600000, 0x0000000703700000|  0%| F|  |TAMS 0x0000000703600000, 0x0000000703600000| Untracked 
|   5|0x0000000703700000, 0x0000000703700000, 0x0000000703800000|  0%| F|  |TAMS 0x0000000703700000, 0x0000000703700000| Untracked 
|   6|0x0000000703800000, 0x0000000703800000, 0x0000000703900000|  0%| F|  |TAMS 0x0000000703800000, 0x0000000703800000| Untracked 
|   7|0x0000000703900000, 0x0000000703900000, 0x0000000703a00000|  0%| F|  |TAMS 0x0000000703900000, 0x0000000703900000| Untracked 
|   8|0x0000000703a00000, 0x0000000703a00000, 0x0000000703b00000|  0%| F|  |TAMS 0x0000000703a00000, 0x0000000703a00000| Untracked 
|   9|0x0000000703b00000, 0x0000000703b00000, 0x0000000703c00000|  0%| F|  |TAMS 0x0000000703b00000, 0x0000000703b00000| Untracked 
|  10|0x0000000703c00000, 0x0000000703c00000, 0x0000000703d00000|  0%| F|  |TAMS 0x0000000703c00000, 0x0000000703c00000| Untracked 
|  11|0x0000000703d00000, 0x0000000703d00000, 0x0000000703e00000|  0%| F|  |TAMS 0x0000000703d00000, 0x0000000703d00000| Untracked 
|  12|0x0000000703e00000, 0x0000000703e00000, 0x0000000703f00000|  0%| F|  |TAMS 0x0000000703e00000, 0x0000000703e00000| Untracked 
|  13|0x0000000703f00000, 0x0000000703f00000, 0x0000000704000000|  0%| F|  |TAMS 0x0000000703f00000, 0x0000000703f00000| Untracked 
|  14|0x0000000704000000, 0x0000000704000000, 0x0000000704100000|  0%| F|  |TAMS 0x0000000704000000, 0x0000000704000000| Untracked 
|  15|0x0000000704100000, 0x0000000704100000, 0x0000000704200000|  0%| F|  |TAMS 0x0000000704100000, 0x0000000704100000| Untracked 
|  16|0x0000000704200000, 0x0000000704200000, 0x0000000704300000|  0%| F|  |TAMS 0x0000000704200000, 0x0000000704200000| Untracked 
|  17|0x0000000704300000, 0x0000000704300000, 0x0000000704400000|  0%| F|  |TAMS 0x0000000704300000, 0x0000000704300000| Untracked 
|  18|0x0000000704400000, 0x0000000704400000, 0x0000000704500000|  0%| F|  |TAMS 0x0000000704400000, 0x0000000704400000| Untracked 
|  19|0x0000000704500000, 0x0000000704500000, 0x0000000704600000|  0%| F|  |TAMS 0x0000000704500000, 0x0000000704500000| Untracked 
|  20|0x0000000704600000, 0x0000000704600000, 0x0000000704700000|  0%| F|  |TAMS 0x0000000704600000, 0x0000000704600000| Untracked 
|  21|0x0000000704700000, 0x0000000704700000, 0x0000000704800000|  0%| F|  |TAMS 0x0000000704700000, 0x0000000704700000| Untracked 
|  22|0x0000000704800000, 0x0000000704800000, 0x0000000704900000|  0%| F|  |TAMS 0x0000000704800000, 0x0000000704800000| Untracked 
|  23|0x0000000704900000, 0x0000000704900000, 0x0000000704a00000|  0%| F|  |TAMS 0x0000000704900000, 0x0000000704900000| Untracked 
|  24|0x0000000704a00000, 0x0000000704a00000, 0x0000000704b00000|  0%| F|  |TAMS 0x0000000704a00000, 0x0000000704a00000| Untracked 
|  25|0x0000000704b00000, 0x0000000704b00000, 0x0000000704c00000|  0%| F|  |TAMS 0x0000000704b00000, 0x0000000704b00000| Untracked 
|  26|0x0000000704c00000, 0x0000000704c00000, 0x0000000704d00000|  0%| F|  |TAMS 0x0000000704c00000, 0x0000000704c00000| Untracked 
|  27|0x0000000704d00000, 0x0000000704d00000, 0x0000000704e00000|  0%| F|  |TAMS 0x0000000704d00000, 0x0000000704d00000| Untracked 
|  28|0x0000000704e00000, 0x0000000704e00000, 0x0000000704f00000|  0%| F|  |TAMS 0x0000000704e00000, 0x0000000704e00000| Untracked 
|  29|0x0000000704f00000, 0x0000000704f00000, 0x0000000705000000|  0%| F|  |TAMS 0x0000000704f00000, 0x0000000704f00000| Untracked 
|  30|0x0000000705000000, 0x0000000705000000, 0x0000000705100000|  0%| F|  |TAMS 0x0000000705000000, 0x0000000705000000| Untracked 
|  31|0x0000000705100000, 0x0000000705100000, 0x0000000705200000|  0%| F|  |TAMS 0x0000000705100000, 0x0000000705100000| Untracked 
|  32|0x0000000705200000, 0x0000000705200000, 0x0000000705300000|  0%| F|  |TAMS 0x0000000705200000, 0x0000000705200000| Untracked 
|  33|0x0000000705300000, 0x0000000705300000, 0x0000000705400000|  0%| F|  |TAMS 0x0000000705300000, 0x0000000705300000| Untracked 
|  34|0x0000000705400000, 0x0000000705400000, 0x0000000705500000|  0%| F|  |TAMS 0x0000000705400000, 0x0000000705400000| Untracked 
|  35|0x0000000705500000, 0x0000000705500000, 0x0000000705600000|  0%| F|  |TAMS 0x0000000705500000, 0x0000000705500000| Untracked 
|  36|0x0000000705600000, 0x0000000705600000, 0x0000000705700000|  0%| F|  |TAMS 0x0000000705600000, 0x0000000705600000| Untracked 
|  37|0x0000000705700000, 0x0000000705700000, 0x0000000705800000|  0%| F|  |TAMS 0x0000000705700000, 0x0000000705700000| Untracked 
|  38|0x0000000705800000, 0x0000000705800000, 0x0000000705900000|  0%| F|  |TAMS 0x0000000705800000, 0x0000000705800000| Untracked 
|  39|0x0000000705900000, 0x0000000705900000, 0x0000000705a00000|  0%| F|  |TAMS 0x0000000705900000, 0x0000000705900000| Untracked 
|  40|0x0000000705a00000, 0x0000000705a00000, 0x0000000705b00000|  0%| F|  |TAMS 0x0000000705a00000, 0x0000000705a00000| Untracked 
|  41|0x0000000705b00000, 0x0000000705b00000, 0x0000000705c00000|  0%| F|  |TAMS 0x0000000705b00000, 0x0000000705b00000| Untracked 
|  42|0x0000000705c00000, 0x0000000705c00000, 0x0000000705d00000|  0%| F|  |TAMS 0x0000000705c00000, 0x0000000705c00000| Untracked 
|  43|0x0000000705d00000, 0x0000000705d00000, 0x0000000705e00000|  0%| F|  |TAMS 0x0000000705d00000, 0x0000000705d00000| Untracked 
|  44|0x0000000705e00000, 0x0000000705e00000, 0x0000000705f00000|  0%| F|  |TAMS 0x0000000705e00000, 0x0000000705e00000| Untracked 
|  45|0x0000000705f00000, 0x0000000705f00000, 0x0000000706000000|  0%| F|  |TAMS 0x0000000705f00000, 0x0000000705f00000| Untracked 
|  46|0x0000000706000000, 0x0000000706000000, 0x0000000706100000|  0%| F|  |TAMS 0x0000000706000000, 0x0000000706000000| Untracked 
|  47|0x0000000706100000, 0x0000000706100000, 0x0000000706200000|  0%| F|  |TAMS 0x0000000706100000, 0x0000000706100000| Untracked 
|  48|0x0000000706200000, 0x0000000706200000, 0x0000000706300000|  0%| F|  |TAMS 0x0000000706200000, 0x0000000706200000| Untracked 
|  49|0x0000000706300000, 0x0000000706300000, 0x0000000706400000|  0%| F|  |TAMS 0x0000000706300000, 0x0000000706300000| Untracked 
|  50|0x0000000706400000, 0x0000000706400000, 0x0000000706500000|  0%| F|  |TAMS 0x0000000706400000, 0x0000000706400000| Untracked 
|  51|0x0000000706500000, 0x0000000706500000, 0x0000000706600000|  0%| F|  |TAMS 0x0000000706500000, 0x0000000706500000| Untracked 
|  52|0x0000000706600000, 0x0000000706600000, 0x0000000706700000|  0%| F|  |TAMS 0x0000000706600000, 0x0000000706600000| Untracked 
|  53|0x0000000706700000, 0x0000000706700000, 0x0000000706800000|  0%| F|  |TAMS 0x0000000706700000, 0x0000000706700000| Untracked 
|  54|0x0000000706800000, 0x0000000706800000, 0x0000000706900000|  0%| F|  |TAMS 0x0000000706800000, 0x0000000706800000| Untracked 
|  55|0x0000000706900000, 0x0000000706900000, 0x0000000706a00000|  0%| F|  |TAMS 0x0000000706900000, 0x0000000706900000| Untracked 
|  56|0x0000000706a00000, 0x0000000706a00000, 0x0000000706b00000|  0%| F|  |TAMS 0x0000000706a00000, 0x0000000706a00000| Untracked 
|  57|0x0000000706b00000, 0x0000000706b00000, 0x0000000706c00000|  0%| F|  |TAMS 0x0000000706b00000, 0x0000000706b00000| Untracked 
|  58|0x0000000706c00000, 0x0000000706c00000, 0x0000000706d00000|  0%| F|  |TAMS 0x0000000706c00000, 0x0000000706c00000| Untracked 
|  59|0x0000000706d00000, 0x0000000706d00000, 0x0000000706e00000|  0%| F|  |TAMS 0x0000000706d00000, 0x0000000706d00000| Untracked 
|  60|0x0000000706e00000, 0x0000000706e00000, 0x0000000706f00000|  0%| F|  |TAMS 0x0000000706e00000, 0x0000000706e00000| Untracked 
|  61|0x0000000706f00000, 0x0000000706f00000, 0x0000000707000000|  0%| F|  |TAMS 0x0000000706f00000, 0x0000000706f00000| Untracked 
|  62|0x0000000707000000, 0x0000000707000000, 0x0000000707100000|  0%| F|  |TAMS 0x0000000707000000, 0x0000000707000000| Untracked 
|  63|0x0000000707100000, 0x0000000707100000, 0x0000000707200000|  0%| F|  |TAMS 0x0000000707100000, 0x0000000707100000| Untracked 
|  64|0x0000000707200000, 0x0000000707200000, 0x0000000707300000|  0%| F|  |TAMS 0x0000000707200000, 0x0000000707200000| Untracked 
|  65|0x0000000707300000, 0x0000000707300000, 0x0000000707400000|  0%| F|  |TAMS 0x0000000707300000, 0x0000000707300000| Untracked 
|  66|0x0000000707400000, 0x0000000707400000, 0x0000000707500000|  0%| F|  |TAMS 0x0000000707400000, 0x0000000707400000| Untracked 
|  67|0x0000000707500000, 0x0000000707500000, 0x0000000707600000|  0%| F|  |TAMS 0x0000000707500000, 0x0000000707500000| Untracked 
|  68|0x0000000707600000, 0x0000000707600000, 0x0000000707700000|  0%| F|  |TAMS 0x0000000707600000, 0x0000000707600000| Untracked 
|  69|0x0000000707700000, 0x0000000707700000, 0x0000000707800000|  0%| F|  |TAMS 0x0000000707700000, 0x0000000707700000| Untracked 
|  70|0x0000000707800000, 0x0000000707800000, 0x0000000707900000|  0%| F|  |TAMS 0x0000000707800000, 0x0000000707800000| Untracked 
|  71|0x0000000707900000, 0x0000000707900000, 0x0000000707a00000|  0%| F|  |TAMS 0x0000000707900000, 0x0000000707900000| Untracked 
|  72|0x0000000707a00000, 0x0000000707a00000, 0x0000000707b00000|  0%| F|  |TAMS 0x0000000707a00000, 0x0000000707a00000| Untracked 
|  73|0x0000000707b00000, 0x0000000707b00000, 0x0000000707c00000|  0%| F|  |TAMS 0x0000000707b00000, 0x0000000707b00000| Untracked 
|  74|0x0000000707c00000, 0x0000000707c00000, 0x0000000707d00000|  0%| F|  |TAMS 0x0000000707c00000, 0x0000000707c00000| Untracked 
|  75|0x0000000707d00000, 0x0000000707d00000, 0x0000000707e00000|  0%| F|  |TAMS 0x0000000707d00000, 0x0000000707d00000| Untracked 
|  76|0x0000000707e00000, 0x0000000707e00000, 0x0000000707f00000|  0%| F|  |TAMS 0x0000000707e00000, 0x0000000707e00000| Untracked 
|  77|0x0000000707f00000, 0x0000000707f00000, 0x0000000708000000|  0%| F|  |TAMS 0x0000000707f00000, 0x0000000707f00000| Untracked 
|  78|0x0000000708000000, 0x0000000708000000, 0x0000000708100000|  0%| F|  |TAMS 0x0000000708000000, 0x0000000708000000| Untracked 
|  79|0x0000000708100000, 0x0000000708100000, 0x0000000708200000|  0%| F|  |TAMS 0x0000000708100000, 0x0000000708100000| Untracked 
|  80|0x0000000708200000, 0x0000000708200000, 0x0000000708300000|  0%| F|  |TAMS 0x0000000708200000, 0x0000000708200000| Untracked 
|  81|0x0000000708300000, 0x0000000708300000, 0x0000000708400000|  0%| F|  |TAMS 0x0000000708300000, 0x0000000708300000| Untracked 
|  82|0x0000000708400000, 0x0000000708400000, 0x0000000708500000|  0%| F|  |TAMS 0x0000000708400000, 0x0000000708400000| Untracked 
|  83|0x0000000708500000, 0x0000000708500000, 0x0000000708600000|  0%| F|  |TAMS 0x0000000708500000, 0x0000000708500000| Untracked 
|  84|0x0000000708600000, 0x0000000708600000, 0x0000000708700000|  0%| F|  |TAMS 0x0000000708600000, 0x0000000708600000| Untracked 
|  85|0x0000000708700000, 0x0000000708700000, 0x0000000708800000|  0%| F|  |TAMS 0x0000000708700000, 0x0000000708700000| Untracked 
|  86|0x0000000708800000, 0x0000000708800000, 0x0000000708900000|  0%| F|  |TAMS 0x0000000708800000, 0x0000000708800000| Untracked 
|  87|0x0000000708900000, 0x0000000708900000, 0x0000000708a00000|  0%| F|  |TAMS 0x0000000708900000, 0x0000000708900000| Untracked 
|  88|0x0000000708a00000, 0x0000000708a00000, 0x0000000708b00000|  0%| F|  |TAMS 0x0000000708a00000, 0x0000000708a00000| Untracked 
|  89|0x0000000708b00000, 0x0000000708b00000, 0x0000000708c00000|  0%| F|  |TAMS 0x0000000708b00000, 0x0000000708b00000| Untracked 
|  90|0x0000000708c00000, 0x0000000708c00000, 0x0000000708d00000|  0%| F|  |TAMS 0x0000000708c00000, 0x0000000708c00000| Untracked 
|  91|0x0000000708d00000, 0x0000000708d00000, 0x0000000708e00000|  0%| F|  |TAMS 0x0000000708d00000, 0x0000000708d00000| Untracked 
|  92|0x0000000708e00000, 0x0000000708e00000, 0x0000000708f00000|  0%| F|  |TAMS 0x0000000708e00000, 0x0000000708e00000| Untracked 
|  93|0x0000000708f00000, 0x0000000708f00000, 0x0000000709000000|  0%| F|  |TAMS 0x0000000708f00000, 0x0000000708f00000| Untracked 
|  94|0x0000000709000000, 0x0000000709000000, 0x0000000709100000|  0%| F|  |TAMS 0x0000000709000000, 0x0000000709000000| Untracked 
|  95|0x0000000709100000, 0x0000000709100000, 0x0000000709200000|  0%| F|  |TAMS 0x0000000709100000, 0x0000000709100000| Untracked 
|  96|0x0000000709200000, 0x0000000709200000, 0x0000000709300000|  0%| F|  |TAMS 0x0000000709200000, 0x0000000709200000| Untracked 
|  97|0x0000000709300000, 0x0000000709300000, 0x0000000709400000|  0%| F|  |TAMS 0x0000000709300000, 0x0000000709300000| Untracked 
|  98|0x0000000709400000, 0x0000000709400000, 0x0000000709500000|  0%| F|  |TAMS 0x0000000709400000, 0x0000000709400000| Untracked 
|  99|0x0000000709500000, 0x0000000709500000, 0x0000000709600000|  0%| F|  |TAMS 0x0000000709500000, 0x0000000709500000| Untracked 
| 100|0x0000000709600000, 0x0000000709600000, 0x0000000709700000|  0%| F|  |TAMS 0x0000000709600000, 0x0000000709600000| Untracked 
| 101|0x0000000709700000, 0x0000000709700000, 0x0000000709800000|  0%| F|  |TAMS 0x0000000709700000, 0x0000000709700000| Untracked 
| 102|0x0000000709800000, 0x0000000709800000, 0x0000000709900000|  0%| F|  |TAMS 0x0000000709800000, 0x0000000709800000| Untracked 
| 103|0x0000000709900000, 0x0000000709900000, 0x0000000709a00000|  0%| F|  |TAMS 0x0000000709900000, 0x0000000709900000| Untracked 
| 104|0x0000000709a00000, 0x0000000709a00000, 0x0000000709b00000|  0%| F|  |TAMS 0x0000000709a00000, 0x0000000709a00000| Untracked 
| 105|0x0000000709b00000, 0x0000000709b00000, 0x0000000709c00000|  0%| F|  |TAMS 0x0000000709b00000, 0x0000000709b00000| Untracked 
| 106|0x0000000709c00000, 0x0000000709c00000, 0x0000000709d00000|  0%| F|  |TAMS 0x0000000709c00000, 0x0000000709c00000| Untracked 
| 107|0x0000000709d00000, 0x0000000709d00000, 0x0000000709e00000|  0%| F|  |TAMS 0x0000000709d00000, 0x0000000709d00000| Untracked 
| 108|0x0000000709e00000, 0x0000000709e00000, 0x0000000709f00000|  0%| F|  |TAMS 0x0000000709e00000, 0x0000000709e00000| Untracked 
| 109|0x0000000709f00000, 0x0000000709f00000, 0x000000070a000000|  0%| F|  |TAMS 0x0000000709f00000, 0x0000000709f00000| Untracked 
| 110|0x000000070a000000, 0x000000070a000000, 0x000000070a100000|  0%| F|  |TAMS 0x000000070a000000, 0x000000070a000000| Untracked 
| 111|0x000000070a100000, 0x000000070a100000, 0x000000070a200000|  0%| F|  |TAMS 0x000000070a100000, 0x000000070a100000| Untracked 
| 112|0x000000070a200000, 0x000000070a200000, 0x000000070a300000|  0%| F|  |TAMS 0x000000070a200000, 0x000000070a200000| Untracked 
| 113|0x000000070a300000, 0x000000070a300000, 0x000000070a400000|  0%| F|  |TAMS 0x000000070a300000, 0x000000070a300000| Untracked 
| 114|0x000000070a400000, 0x000000070a400000, 0x000000070a500000|  0%| F|  |TAMS 0x000000070a400000, 0x000000070a400000| Untracked 
| 115|0x000000070a500000, 0x000000070a500000, 0x000000070a600000|  0%| F|  |TAMS 0x000000070a500000, 0x000000070a500000| Untracked 
| 116|0x000000070a600000, 0x000000070a600000, 0x000000070a700000|  0%| F|  |TAMS 0x000000070a600000, 0x000000070a600000| Untracked 
| 117|0x000000070a700000, 0x000000070a700000, 0x000000070a800000|  0%| F|  |TAMS 0x000000070a700000, 0x000000070a700000| Untracked 
| 118|0x000000070a800000, 0x000000070a800000, 0x000000070a900000|  0%| F|  |TAMS 0x000000070a800000, 0x000000070a800000| Untracked 
| 119|0x000000070a900000, 0x000000070a900000, 0x000000070aa00000|  0%| F|  |TAMS 0x000000070a900000, 0x000000070a900000| Untracked 
| 120|0x000000070aa00000, 0x000000070aa00000, 0x000000070ab00000|  0%| F|  |TAMS 0x000000070aa00000, 0x000000070aa00000| Untracked 
| 121|0x000000070ab00000, 0x000000070ab00000, 0x000000070ac00000|  0%| F|  |TAMS 0x000000070ab00000, 0x000000070ab00000| Untracked 
| 122|0x000000070ac00000, 0x000000070ac00000, 0x000000070ad00000|  0%| F|  |TAMS 0x000000070ac00000, 0x000000070ac00000| Untracked 
| 123|0x000000070ad00000, 0x000000070ad00000, 0x000000070ae00000|  0%| F|  |TAMS 0x000000070ad00000, 0x000000070ad00000| Untracked 
| 124|0x000000070ae00000, 0x000000070ae00000, 0x000000070af00000|  0%| F|  |TAMS 0x000000070ae00000, 0x000000070ae00000| Untracked 
| 125|0x000000070af00000, 0x000000070af00000, 0x000000070b000000|  0%| F|  |TAMS 0x000000070af00000, 0x000000070af00000| Untracked 
| 126|0x000000070b000000, 0x000000070b000000, 0x000000070b100000|  0%| F|  |TAMS 0x000000070b000000, 0x000000070b000000| Untracked 
| 127|0x000000070b100000, 0x000000070b100000, 0x000000070b200000|  0%| F|  |TAMS 0x000000070b100000, 0x000000070b100000| Untracked 
| 128|0x000000070b200000, 0x000000070b200000, 0x000000070b300000|  0%| F|  |TAMS 0x000000070b200000, 0x000000070b200000| Untracked 
| 129|0x000000070b300000, 0x000000070b300000, 0x000000070b400000|  0%| F|  |TAMS 0x000000070b300000, 0x000000070b300000| Untracked 
| 130|0x000000070b400000, 0x000000070b400000, 0x000000070b500000|  0%| F|  |TAMS 0x000000070b400000, 0x000000070b400000| Untracked 
| 131|0x000000070b500000, 0x000000070b500000, 0x000000070b600000|  0%| F|  |TAMS 0x000000070b500000, 0x000000070b500000| Untracked 
| 132|0x000000070b600000, 0x000000070b600000, 0x000000070b700000|  0%| F|  |TAMS 0x000000070b600000, 0x000000070b600000| Untracked 
| 133|0x000000070b700000, 0x000000070b700000, 0x000000070b800000|  0%| F|  |TAMS 0x000000070b700000, 0x000000070b700000| Untracked 
| 134|0x000000070b800000, 0x000000070b800000, 0x000000070b900000|  0%| F|  |TAMS 0x000000070b800000, 0x000000070b800000| Untracked 
| 135|0x000000070b900000, 0x000000070b900000, 0x000000070ba00000|  0%| F|  |TAMS 0x000000070b900000, 0x000000070b900000| Untracked 
| 136|0x000000070ba00000, 0x000000070ba00000, 0x000000070bb00000|  0%| F|  |TAMS 0x000000070ba00000, 0x000000070ba00000| Untracked 
| 137|0x000000070bb00000, 0x000000070bb00000, 0x000000070bc00000|  0%| F|  |TAMS 0x000000070bb00000, 0x000000070bb00000| Untracked 
| 138|0x000000070bc00000, 0x000000070bc00000, 0x000000070bd00000|  0%| F|  |TAMS 0x000000070bc00000, 0x000000070bc00000| Untracked 
| 139|0x000000070bd00000, 0x000000070bd00000, 0x000000070be00000|  0%| F|  |TAMS 0x000000070bd00000, 0x000000070bd00000| Untracked 
| 140|0x000000070be00000, 0x000000070be00000, 0x000000070bf00000|  0%| F|  |TAMS 0x000000070be00000, 0x000000070be00000| Untracked 
| 141|0x000000070bf00000, 0x000000070bf00000, 0x000000070c000000|  0%| F|  |TAMS 0x000000070bf00000, 0x000000070bf00000| Untracked 
| 142|0x000000070c000000, 0x000000070c000000, 0x000000070c100000|  0%| F|  |TAMS 0x000000070c000000, 0x000000070c000000| Untracked 
| 143|0x000000070c100000, 0x000000070c100000, 0x000000070c200000|  0%| F|  |TAMS 0x000000070c100000, 0x000000070c100000| Untracked 
| 144|0x000000070c200000, 0x000000070c200000, 0x000000070c300000|  0%| F|  |TAMS 0x000000070c200000, 0x000000070c200000| Untracked 
| 145|0x000000070c300000, 0x000000070c300000, 0x000000070c400000|  0%| F|  |TAMS 0x000000070c300000, 0x000000070c300000| Untracked 
| 146|0x000000070c400000, 0x000000070c400000, 0x000000070c500000|  0%| F|  |TAMS 0x000000070c400000, 0x000000070c400000| Untracked 
| 147|0x000000070c500000, 0x000000070c500000, 0x000000070c600000|  0%| F|  |TAMS 0x000000070c500000, 0x000000070c500000| Untracked 
| 148|0x000000070c600000, 0x000000070c600000, 0x000000070c700000|  0%| F|  |TAMS 0x000000070c600000, 0x000000070c600000| Untracked 
| 149|0x000000070c700000, 0x000000070c700000, 0x000000070c800000|  0%| F|  |TAMS 0x000000070c700000, 0x000000070c700000| Untracked 
| 150|0x000000070c800000, 0x000000070c800000, 0x000000070c900000|  0%| F|  |TAMS 0x000000070c800000, 0x000000070c800000| Untracked 
| 151|0x000000070c900000, 0x000000070c900000, 0x000000070ca00000|  0%| F|  |TAMS 0x000000070c900000, 0x000000070c900000| Untracked 
| 152|0x000000070ca00000, 0x000000070ca00000, 0x000000070cb00000|  0%| F|  |TAMS 0x000000070ca00000, 0x000000070ca00000| Untracked 
| 153|0x000000070cb00000, 0x000000070cb00000, 0x000000070cc00000|  0%| F|  |TAMS 0x000000070cb00000, 0x000000070cb00000| Untracked 
| 154|0x000000070cc00000, 0x000000070cc00000, 0x000000070cd00000|  0%| F|  |TAMS 0x000000070cc00000, 0x000000070cc00000| Untracked 
| 155|0x000000070cd00000, 0x000000070cd00000, 0x000000070ce00000|  0%| F|  |TAMS 0x000000070cd00000, 0x000000070cd00000| Untracked 
| 156|0x000000070ce00000, 0x000000070ce00000, 0x000000070cf00000|  0%| F|  |TAMS 0x000000070ce00000, 0x000000070ce00000| Untracked 
| 157|0x000000070cf00000, 0x000000070cf00000, 0x000000070d000000|  0%| F|  |TAMS 0x000000070cf00000, 0x000000070cf00000| Untracked 
| 158|0x000000070d000000, 0x000000070d000000, 0x000000070d100000|  0%| F|  |TAMS 0x000000070d000000, 0x000000070d000000| Untracked 
| 159|0x000000070d100000, 0x000000070d100000, 0x000000070d200000|  0%| F|  |TAMS 0x000000070d100000, 0x000000070d100000| Untracked 
| 160|0x000000070d200000, 0x000000070d200000, 0x000000070d300000|  0%| F|  |TAMS 0x000000070d200000, 0x000000070d200000| Untracked 
| 161|0x000000070d300000, 0x000000070d300000, 0x000000070d400000|  0%| F|  |TAMS 0x000000070d300000, 0x000000070d300000| Untracked 
| 162|0x000000070d400000, 0x000000070d400000, 0x000000070d500000|  0%| F|  |TAMS 0x000000070d400000, 0x000000070d400000| Untracked 
| 163|0x000000070d500000, 0x000000070d500000, 0x000000070d600000|  0%| F|  |TAMS 0x000000070d500000, 0x000000070d500000| Untracked 
| 164|0x000000070d600000, 0x000000070d600000, 0x000000070d700000|  0%| F|  |TAMS 0x000000070d600000, 0x000000070d600000| Untracked 
| 165|0x000000070d700000, 0x000000070d700000, 0x000000070d800000|  0%| F|  |TAMS 0x000000070d700000, 0x000000070d700000| Untracked 
| 166|0x000000070d800000, 0x000000070d800000, 0x000000070d900000|  0%| F|  |TAMS 0x000000070d800000, 0x000000070d800000| Untracked 
| 167|0x000000070d900000, 0x000000070d900000, 0x000000070da00000|  0%| F|  |TAMS 0x000000070d900000, 0x000000070d900000| Untracked 
| 168|0x000000070da00000, 0x000000070da00000, 0x000000070db00000|  0%| F|  |TAMS 0x000000070da00000, 0x000000070da00000| Untracked 
| 169|0x000000070db00000, 0x000000070db00000, 0x000000070dc00000|  0%| F|  |TAMS 0x000000070db00000, 0x000000070db00000| Untracked 
| 170|0x000000070dc00000, 0x000000070dc00000, 0x000000070dd00000|  0%| F|  |TAMS 0x000000070dc00000, 0x000000070dc00000| Untracked 
| 171|0x000000070dd00000, 0x000000070dd00000, 0x000000070de00000|  0%| F|  |TAMS 0x000000070dd00000, 0x000000070dd00000| Untracked 
| 172|0x000000070de00000, 0x000000070de00000, 0x000000070df00000|  0%| F|  |TAMS 0x000000070de00000, 0x000000070de00000| Untracked 
| 173|0x000000070df00000, 0x000000070df00000, 0x000000070e000000|  0%| F|  |TAMS 0x000000070df00000, 0x000000070df00000| Untracked 
| 174|0x000000070e000000, 0x000000070e000000, 0x000000070e100000|  0%| F|  |TAMS 0x000000070e000000, 0x000000070e000000| Untracked 
| 175|0x000000070e100000, 0x000000070e100000, 0x000000070e200000|  0%| F|  |TAMS 0x000000070e100000, 0x000000070e100000| Untracked 
| 176|0x000000070e200000, 0x000000070e200000, 0x000000070e300000|  0%| F|  |TAMS 0x000000070e200000, 0x000000070e200000| Untracked 
| 177|0x000000070e300000, 0x000000070e300000, 0x000000070e400000|  0%| F|  |TAMS 0x000000070e300000, 0x000000070e300000| Untracked 
| 178|0x000000070e400000, 0x000000070e400000, 0x000000070e500000|  0%| F|  |TAMS 0x000000070e400000, 0x000000070e400000| Untracked 
| 179|0x000000070e500000, 0x000000070e500000, 0x000000070e600000|  0%| F|  |TAMS 0x000000070e500000, 0x000000070e500000| Untracked 
| 180|0x000000070e600000, 0x000000070e600000, 0x000000070e700000|  0%| F|  |TAMS 0x000000070e600000, 0x000000070e600000| Untracked 
| 181|0x000000070e700000, 0x000000070e700000, 0x000000070e800000|  0%| F|  |TAMS 0x000000070e700000, 0x000000070e700000| Untracked 
| 182|0x000000070e800000, 0x000000070e800000, 0x000000070e900000|  0%| F|  |TAMS 0x000000070e800000, 0x000000070e800000| Untracked 
| 183|0x000000070e900000, 0x000000070e900000, 0x000000070ea00000|  0%| F|  |TAMS 0x000000070e900000, 0x000000070e900000| Untracked 
| 184|0x000000070ea00000, 0x000000070ea00000, 0x000000070eb00000|  0%| F|  |TAMS 0x000000070ea00000, 0x000000070ea00000| Untracked 
| 185|0x000000070eb00000, 0x000000070eb00000, 0x000000070ec00000|  0%| F|  |TAMS 0x000000070eb00000, 0x000000070eb00000| Untracked 
| 186|0x000000070ec00000, 0x000000070ec00000, 0x000000070ed00000|  0%| F|  |TAMS 0x000000070ec00000, 0x000000070ec00000| Untracked 
| 187|0x000000070ed00000, 0x000000070ed00000, 0x000000070ee00000|  0%| F|  |TAMS 0x000000070ed00000, 0x000000070ed00000| Untracked 
| 188|0x000000070ee00000, 0x000000070ee00000, 0x000000070ef00000|  0%| F|  |TAMS 0x000000070ee00000, 0x000000070ee00000| Untracked 
| 189|0x000000070ef00000, 0x000000070ef00000, 0x000000070f000000|  0%| F|  |TAMS 0x000000070ef00000, 0x000000070ef00000| Untracked 
| 190|0x000000070f000000, 0x000000070f000000, 0x000000070f100000|  0%| F|  |TAMS 0x000000070f000000, 0x000000070f000000| Untracked 
| 191|0x000000070f100000, 0x000000070f100000, 0x000000070f200000|  0%| F|  |TAMS 0x000000070f100000, 0x000000070f100000| Untracked 
| 192|0x000000070f200000, 0x000000070f200000, 0x000000070f300000|  0%| F|  |TAMS 0x000000070f200000, 0x000000070f200000| Untracked 
| 193|0x000000070f300000, 0x000000070f300000, 0x000000070f400000|  0%| F|  |TAMS 0x000000070f300000, 0x000000070f300000| Untracked 
| 194|0x000000070f400000, 0x000000070f400000, 0x000000070f500000|  0%| F|  |TAMS 0x000000070f400000, 0x000000070f400000| Untracked 
| 195|0x000000070f500000, 0x000000070f500000, 0x000000070f600000|  0%| F|  |TAMS 0x000000070f500000, 0x000000070f500000| Untracked 
| 196|0x000000070f600000, 0x000000070f600000, 0x000000070f700000|  0%| F|  |TAMS 0x000000070f600000, 0x000000070f600000| Untracked 
| 197|0x000000070f700000, 0x000000070f700000, 0x000000070f800000|  0%| F|  |TAMS 0x000000070f700000, 0x000000070f700000| Untracked 
| 198|0x000000070f800000, 0x000000070f800000, 0x000000070f900000|  0%| F|  |TAMS 0x000000070f800000, 0x000000070f800000| Untracked 
| 199|0x000000070f900000, 0x000000070f900000, 0x000000070fa00000|  0%| F|  |TAMS 0x000000070f900000, 0x000000070f900000| Untracked 
| 200|0x000000070fa00000, 0x000000070fa00000, 0x000000070fb00000|  0%| F|  |TAMS 0x000000070fa00000, 0x000000070fa00000| Untracked 
| 201|0x000000070fb00000, 0x000000070fb00000, 0x000000070fc00000|  0%| F|  |TAMS 0x000000070fb00000, 0x000000070fb00000| Untracked 
| 202|0x000000070fc00000, 0x000000070fc00000, 0x000000070fd00000|  0%| F|  |TAMS 0x000000070fc00000, 0x000000070fc00000| Untracked 
| 203|0x000000070fd00000, 0x000000070fd00000, 0x000000070fe00000|  0%| F|  |TAMS 0x000000070fd00000, 0x000000070fd00000| Untracked 
| 204|0x000000070fe00000, 0x000000070fe00000, 0x000000070ff00000|  0%| F|  |TAMS 0x000000070fe00000, 0x000000070fe00000| Untracked 
| 205|0x000000070ff00000, 0x000000070ff00000, 0x0000000710000000|  0%| F|  |TAMS 0x000000070ff00000, 0x000000070ff00000| Untracked 
| 206|0x0000000710000000, 0x0000000710000000, 0x0000000710100000|  0%| F|  |TAMS 0x0000000710000000, 0x0000000710000000| Untracked 
| 207|0x0000000710100000, 0x0000000710100000, 0x0000000710200000|  0%| F|  |TAMS 0x0000000710100000, 0x0000000710100000| Untracked 
| 208|0x0000000710200000, 0x0000000710200000, 0x0000000710300000|  0%| F|  |TAMS 0x0000000710200000, 0x0000000710200000| Untracked 
| 209|0x0000000710300000, 0x0000000710300000, 0x0000000710400000|  0%| F|  |TAMS 0x0000000710300000, 0x0000000710300000| Untracked 
| 210|0x0000000710400000, 0x0000000710400000, 0x0000000710500000|  0%| F|  |TAMS 0x0000000710400000, 0x0000000710400000| Untracked 
| 211|0x0000000710500000, 0x0000000710500000, 0x0000000710600000|  0%| F|  |TAMS 0x0000000710500000, 0x0000000710500000| Untracked 
| 212|0x0000000710600000, 0x0000000710600000, 0x0000000710700000|  0%| F|  |TAMS 0x0000000710600000, 0x0000000710600000| Untracked 
| 213|0x0000000710700000, 0x0000000710700000, 0x0000000710800000|  0%| F|  |TAMS 0x0000000710700000, 0x0000000710700000| Untracked 
| 214|0x0000000710800000, 0x0000000710800000, 0x0000000710900000|  0%| F|  |TAMS 0x0000000710800000, 0x0000000710800000| Untracked 
| 215|0x0000000710900000, 0x0000000710900000, 0x0000000710a00000|  0%| F|  |TAMS 0x0000000710900000, 0x0000000710900000| Untracked 
| 216|0x0000000710a00000, 0x0000000710a00000, 0x0000000710b00000|  0%| F|  |TAMS 0x0000000710a00000, 0x0000000710a00000| Untracked 
| 217|0x0000000710b00000, 0x0000000710b00000, 0x0000000710c00000|  0%| F|  |TAMS 0x0000000710b00000, 0x0000000710b00000| Untracked 
| 218|0x0000000710c00000, 0x0000000710c00000, 0x0000000710d00000|  0%| F|  |TAMS 0x0000000710c00000, 0x0000000710c00000| Untracked 
| 219|0x0000000710d00000, 0x0000000710d00000, 0x0000000710e00000|  0%| F|  |TAMS 0x0000000710d00000, 0x0000000710d00000| Untracked 
| 220|0x0000000710e00000, 0x0000000710e00000, 0x0000000710f00000|  0%| F|  |TAMS 0x0000000710e00000, 0x0000000710e00000| Untracked 
| 221|0x0000000710f00000, 0x0000000710f00000, 0x0000000711000000|  0%| F|  |TAMS 0x0000000710f00000, 0x0000000710f00000| Untracked 
| 222|0x0000000711000000, 0x0000000711000000, 0x0000000711100000|  0%| F|  |TAMS 0x0000000711000000, 0x0000000711000000| Untracked 
| 223|0x0000000711100000, 0x0000000711100000, 0x0000000711200000|  0%| F|  |TAMS 0x0000000711100000, 0x0000000711100000| Untracked 
| 224|0x0000000711200000, 0x0000000711200000, 0x0000000711300000|  0%| F|  |TAMS 0x0000000711200000, 0x0000000711200000| Untracked 
| 225|0x0000000711300000, 0x0000000711300000, 0x0000000711400000|  0%| F|  |TAMS 0x0000000711300000, 0x0000000711300000| Untracked 
| 226|0x0000000711400000, 0x0000000711400000, 0x0000000711500000|  0%| F|  |TAMS 0x0000000711400000, 0x0000000711400000| Untracked 
| 227|0x0000000711500000, 0x0000000711500000, 0x0000000711600000|  0%| F|  |TAMS 0x0000000711500000, 0x0000000711500000| Untracked 
| 228|0x0000000711600000, 0x0000000711600000, 0x0000000711700000|  0%| F|  |TAMS 0x0000000711600000, 0x0000000711600000| Untracked 
| 229|0x0000000711700000, 0x0000000711700000, 0x0000000711800000|  0%| F|  |TAMS 0x0000000711700000, 0x0000000711700000| Untracked 
| 230|0x0000000711800000, 0x0000000711800000, 0x0000000711900000|  0%| F|  |TAMS 0x0000000711800000, 0x0000000711800000| Untracked 
| 231|0x0000000711900000, 0x0000000711900000, 0x0000000711a00000|  0%| F|  |TAMS 0x0000000711900000, 0x0000000711900000| Untracked 
| 232|0x0000000711a00000, 0x0000000711a00000, 0x0000000711b00000|  0%| F|  |TAMS 0x0000000711a00000, 0x0000000711a00000| Untracked 
| 233|0x0000000711b00000, 0x0000000711b00000, 0x0000000711c00000|  0%| F|  |TAMS 0x0000000711b00000, 0x0000000711b00000| Untracked 
| 234|0x0000000711c00000, 0x0000000711c00000, 0x0000000711d00000|  0%| F|  |TAMS 0x0000000711c00000, 0x0000000711c00000| Untracked 
| 235|0x0000000711d00000, 0x0000000711d00000, 0x0000000711e00000|  0%| F|  |TAMS 0x0000000711d00000, 0x0000000711d00000| Untracked 
| 236|0x0000000711e00000, 0x0000000711e00000, 0x0000000711f00000|  0%| F|  |TAMS 0x0000000711e00000, 0x0000000711e00000| Untracked 
| 237|0x0000000711f00000, 0x0000000711f00000, 0x0000000712000000|  0%| F|  |TAMS 0x0000000711f00000, 0x0000000711f00000| Untracked 
| 238|0x0000000712000000, 0x0000000712100000, 0x0000000712100000|100%| E|  |TAMS 0x0000000712000000, 0x0000000712000000| Complete 
| 239|0x0000000712100000, 0x0000000712200000, 0x0000000712200000|100%| E|CS|TAMS 0x0000000712100000, 0x0000000712100000| Complete 
| 240|0x0000000712200000, 0x0000000712300000, 0x0000000712300000|100%| E|CS|TAMS 0x0000000712200000, 0x0000000712200000| Complete 
| 241|0x0000000712300000, 0x0000000712400000, 0x0000000712400000|100%| E|CS|TAMS 0x0000000712300000, 0x0000000712300000| Complete 
| 242|0x0000000712400000, 0x0000000712500000, 0x0000000712500000|100%| E|  |TAMS 0x0000000712400000, 0x0000000712400000| Complete 
| 243|0x0000000712500000, 0x0000000712600000, 0x0000000712600000|100%| E|CS|TAMS 0x0000000712500000, 0x0000000712500000| Complete 
| 244|0x0000000712600000, 0x0000000712700000, 0x0000000712700000|100%| E|CS|TAMS 0x0000000712600000, 0x0000000712600000| Complete 
| 245|0x0000000712700000, 0x0000000712800000, 0x0000000712800000|100%| E|CS|TAMS 0x0000000712700000, 0x0000000712700000| Complete 
| 246|0x0000000712800000, 0x0000000712900000, 0x0000000712900000|100%| E|CS|TAMS 0x0000000712800000, 0x0000000712800000| Complete 
| 247|0x0000000712900000, 0x0000000712a00000, 0x0000000712a00000|100%| E|CS|TAMS 0x0000000712900000, 0x0000000712900000| Complete 
| 248|0x0000000712a00000, 0x0000000712b00000, 0x0000000712b00000|100%| E|CS|TAMS 0x0000000712a00000, 0x0000000712a00000| Complete 
| 249|0x0000000712b00000, 0x0000000712c00000, 0x0000000712c00000|100%| E|CS|TAMS 0x0000000712b00000, 0x0000000712b00000| Complete 
| 250|0x0000000712c00000, 0x0000000712d00000, 0x0000000712d00000|100%| E|CS|TAMS 0x0000000712c00000, 0x0000000712c00000| Complete 
| 251|0x0000000712d00000, 0x0000000712e00000, 0x0000000712e00000|100%| E|CS|TAMS 0x0000000712d00000, 0x0000000712d00000| Complete 
| 252|0x0000000712e00000, 0x0000000712f00000, 0x0000000712f00000|100%| E|CS|TAMS 0x0000000712e00000, 0x0000000712e00000| Complete 
| 253|0x0000000712f00000, 0x0000000713000000, 0x0000000713000000|100%| E|CS|TAMS 0x0000000712f00000, 0x0000000712f00000| Complete 

Card table byte_map: [0x0000020ed1950000,0x0000020ed2140000] _byte_map_base: 0x0000020ece137000

Marking Bits (Prev, Next): (CMBitMap*) 0x0000020eb97b1b88, (CMBitMap*) 0x0000020eb97b1bc0
 Prev Bits: [0x0000020ed2930000, 0x0000020ed6868000)
 Next Bits: [0x0000020ed6870000, 0x0000020eda7a8000)

Polling page: 0x0000020eb7730000

Metaspace:

Usage:
  Non-class:      8.78 MB capacity,     8.64 MB ( 98%) used,   136.71 KB (  2%) free+waste,     8.25 KB ( <1%) overhead. 
      Class:    912.00 KB capacity,   871.67 KB ( 96%) used,    37.08 KB (  4%) free+waste,     3.25 KB ( <1%) overhead. 
       Both:      9.67 MB capacity,     9.49 MB ( 98%) used,   173.79 KB (  2%) free+waste,    11.50 KB ( <1%) overhead. 

Virtual space:
  Non-class space:       10.00 MB reserved,       9.00 MB ( 90%) committed 
      Class space:        1.00 GB reserved,       1.00 MB ( <1%) committed 
             Both:        1.01 GB reserved,      10.00 MB ( <1%) committed 

Chunk freelists:
   Non-Class:  4.50 KB
       Class:  2.00 KB
        Both:  6.50 KB

CodeHeap 'non-profiled nmethods': size=120000Kb used=233Kb max_used=233Kb free=119766Kb
 bounds [0x0000020ec96e0000, 0x0000020ec9950000, 0x0000020ed0c10000]
CodeHeap 'profiled nmethods': size=120000Kb used=1127Kb max_used=1127Kb free=118872Kb
 bounds [0x0000020ec21b0000, 0x0000020ec2420000, 0x0000020ec96e0000]
CodeHeap 'non-nmethods': size=5760Kb used=1155Kb max_used=1168Kb free=4604Kb
 bounds [0x0000020ec1c10000, 0x0000020ec1e80000, 0x0000020ec21b0000]
 total_blobs=1055 nmethods=691 adapters=284
 compilation: enabled
              stopped_count=0, restarted_count=0
 full_count=0

Compilation events (10 events):
Event: 0.507 Thread 0x0000020edd55d000 nmethod 686 0x0000020ec22bea10 code [0x0000020ec22beda0, 0x0000020ec22c0458]
Event: 0.507 Thread 0x0000020edd55d000  688       3       org.eclipse.jdt.launching.internal.org.objectweb.asm.ClassReader::readMethod (1061 bytes)
Event: 0.507 Thread 0x0000020edd55b800  691       4       java.util.concurrent.ConcurrentHashMap::setTabAt (20 bytes)
Event: 0.508 Thread 0x0000020edd55b800 nmethod 691 0x0000020ec9719c90 code [0x0000020ec9719e00, 0x0000020ec9719f18]
Event: 0.508 Thread 0x0000020eddfe3800 nmethod 687 0x0000020ec9719f90 code [0x0000020ec971a120, 0x0000020ec971a4b8]
Event: 0.511 Thread 0x0000020edd55d000 nmethod 688 0x0000020ec22c0c90 code [0x0000020ec22c1420, 0x0000020ec22c6878]
Event: 0.511 Thread 0x0000020edd55d000  689       3       org.eclipse.jdt.launching.internal.org.objectweb.asm.ClassVisitor::visitMethod (24 bytes)
Event: 0.511 Thread 0x0000020edd55d000 nmethod 689 0x0000020ec22c9290 code [0x0000020ec22c9440, 0x0000020ec22c96a8]
Event: 0.511 Thread 0x0000020edd55d000  690       3       java.util.concurrent.ConcurrentHashMap$Node::<init> (14 bytes)
Event: 0.511 Thread 0x0000020edd55d000 nmethod 690 0x0000020ec22c9790 code [0x0000020ec22c9940, 0x0000020ec22c9c38]

GC Heap History (0 events):
No events

Deoptimization events (7 events):
Event: 0.210 Thread 0x0000020eb9757800 Uncommon trap: reason=class_check action=maybe_recompile pc=0x0000020ec96ed950 method=java.util.HashMap.putVal(ILjava/lang/Object;Ljava/lang/Object;ZZ)Ljava/lang/Object; @ 152 c2
Event: 0.210 Thread 0x0000020eb9757800 Uncommon trap: reason=class_check action=maybe_recompile pc=0x0000020ec96ed950 method=java.util.HashMap.putVal(ILjava/lang/Object;Ljava/lang/Object;ZZ)Ljava/lang/Object; @ 152 c2
Event: 0.211 Thread 0x0000020eb9757800 Uncommon trap: reason=class_check action=maybe_recompile pc=0x0000020ec96ed950 method=java.util.HashMap.putVal(ILjava/lang/Object;Ljava/lang/Object;ZZ)Ljava/lang/Object; @ 152 c2
Event: 0.218 Thread 0x0000020eb9757800 Uncommon trap: reason=class_check action=maybe_recompile pc=0x0000020ec96ed950 method=java.util.HashMap.putVal(ILjava/lang/Object;Ljava/lang/Object;ZZ)Ljava/lang/Object; @ 152 c2
Event: 0.254 Thread 0x0000020eb9757800 Uncommon trap: reason=unstable_if action=reinterpret pc=0x0000020ec96f60cc method=java.util.zip.ZipFile$Source.isMetaName([BII)Z @ 43 c2
Event: 0.298 Thread 0x0000020eb9757800 Uncommon trap: reason=unstable_if action=reinterpret pc=0x0000020ec96f2b2c method=java.util.HashMap.putVal(ILjava/lang/Object;Ljava/lang/Object;ZZ)Ljava/lang/Object; @ 181 c2
Event: 0.352 Thread 0x0000020eb9757800 Uncommon trap: reason=unstable_if action=reinterpret pc=0x0000020ec96e13f4 method=java.lang.String.isLatin1()Z @ 10 c2

Classes redefined (0 events):
No events

Internal exceptions (10 events):
Event: 0.287 Thread 0x0000020eb9757800 Exception <a 'java/security/PrivilegedActionException'{0x00000007126ad9c8}> (0x00000007126ad9c8) thrown at [./open/src/hotspot/share/prims/jvm.cpp, line 1305]
Event: 0.287 Thread 0x0000020eb9757800 Exception <a 'java/security/PrivilegedActionException'{0x00000007126ae5b8}> (0x00000007126ae5b8) thrown at [./open/src/hotspot/share/prims/jvm.cpp, line 1305]
Event: 0.287 Thread 0x0000020eb9757800 Exception <a 'java/security/PrivilegedActionException'{0x00000007126ae888}> (0x00000007126ae888) thrown at [./open/src/hotspot/share/prims/jvm.cpp, line 1305]
Event: 0.287 Thread 0x0000020eb9757800 Exception <a 'java/security/PrivilegedActionException'{0x00000007126af420}> (0x00000007126af420) thrown at [./open/src/hotspot/share/prims/jvm.cpp, line 1305]
Event: 0.287 Thread 0x0000020eb9757800 Exception <a 'java/security/PrivilegedActionException'{0x00000007126af6f0}> (0x00000007126af6f0) thrown at [./open/src/hotspot/share/prims/jvm.cpp, line 1305]
Event: 0.287 Thread 0x0000020eb9757800 Exception <a 'java/security/PrivilegedActionException'{0x00000007126b0290}> (0x00000007126b0290) thrown at [./open/src/hotspot/share/prims/jvm.cpp, line 1305]
Event: 0.287 Thread 0x0000020eb9757800 Exception <a 'java/security/PrivilegedActionException'{0x00000007126b0560}> (0x00000007126b0560) thrown at [./open/src/hotspot/share/prims/jvm.cpp, line 1305]
Event: 0.492 Thread 0x0000020eb9757800 Exception <a 'java/lang/reflect/InvocationTargetException'{0x0000000712072990}> (0x0000000712072990) thrown at [./open/src/hotspot/share/runtime/reflection.cpp, line 1242]
Event: 0.493 Thread 0x0000020eb9757800 Exception <a 'java/lang/reflect/InvocationTargetException'{0x000000071207b860}> (0x000000071207b860) thrown at [./open/src/hotspot/share/runtime/reflection.cpp, line 1242]
Event: 0.494 Thread 0x0000020eb9757800 Exception <a 'java/lang/reflect/InvocationTargetException'{0x00000007120913e8}> (0x00000007120913e8) thrown at [./open/src/hotspot/share/runtime/reflection.cpp, line 1242]

Events (10 events):
Event: 223.490 Executing VM operation: ChangeBreakpoints
Event: 223.491 Executing VM operation: ChangeBreakpoints done
Event: 223.542 Executing VM operation: GetCurrentLocation
Event: 223.542 Executing VM operation: GetCurrentLocation done
Event: 223.542 Executing VM operation: EnterInterpOnlyMode
Event: 223.542 Executing VM operation: EnterInterpOnlyMode done
Event: 223.542 Executing VM operation: ChangeSingleStep
Event: 223.542 Executing VM operation: ChangeSingleStep done
Event: 223.542 Executing VM operation: UpdateForPopTopFrame
Event: 223.542 Executing VM operation: UpdateForPopTopFrame done


Dynamic libraries:
0x00007ff6c2740000 - 0x00007ff6c274f000 	D:\Java\jdk-11.0.12\bin\javaw.exe
0x00007ffcd9430000 - 0x00007ffcd9625000 	C:\WINDOWS\SYSTEM32\ntdll.dll
0x00007ffcd8cc0000 - 0x00007ffcd8d7e000 	C:\WINDOWS\System32\KERNEL32.DLL
0x00007ffcd71b0000 - 0x00007ffcd7478000 	C:\WINDOWS\System32\KERNELBASE.dll
0x00007ffcd7080000 - 0x00007ffcd7180000 	C:\WINDOWS\System32\ucrtbase.dll
0x00007ffccf960000 - 0x00007ffccf978000 	D:\Java\jdk-11.0.12\bin\jli.dll
0x00007ffccf940000 - 0x00007ffccf955000 	D:\Java\jdk-11.0.12\bin\VCRUNTIME140.dll
0x00007ffcd7e00000 - 0x00007ffcd7eac000 	C:\WINDOWS\System32\ADVAPI32.dll
0x00007ffcd8e30000 - 0x00007ffcd8ece000 	C:\WINDOWS\System32\msvcrt.dll
0x00007ffcd8d90000 - 0x00007ffcd8e2b000 	C:\WINDOWS\System32\sechost.dll
0x00007ffcd8ed0000 - 0x00007ffcd8ffa000 	C:\WINDOWS\System32\RPCRT4.dll
0x00007ffcd7ae0000 - 0x00007ffcd7c81000 	C:\WINDOWS\System32\USER32.dll
0x00007ffcd7050000 - 0x00007ffcd7072000 	C:\WINDOWS\System32\win32u.dll
0x00007ffcb4c10000 - 0x00007ffcb4eaa000 	C:\WINDOWS\WinSxS\amd64_microsoft.windows.common-controls_6595b64144ccf1df_6.0.19041.1110_none_60b5254171f9507e\COMCTL32.dll
0x00007ffcd7eb0000 - 0x00007ffcd7edb000 	C:\WINDOWS\System32\GDI32.dll
0x00007ffcd6ea0000 - 0x00007ffcd6fab000 	C:\WINDOWS\System32\gdi32full.dll
0x00007ffcd6fb0000 - 0x00007ffcd704d000 	C:\WINDOWS\System32\msvcp_win.dll
0x00007ffccfe60000 - 0x00007ffccfe6a000 	C:\WINDOWS\SYSTEM32\VERSION.dll
0x00007ffcd7d20000 - 0x00007ffcd7d50000 	C:\WINDOWS\System32\IMM32.DLL
0x00007ffcaa440000 - 0x00007ffcaa4db000 	D:\Java\jdk-11.0.12\bin\msvcp140.dll
0x00007ffc7a180000 - 0x00007ffc7ac7f000 	D:\Java\jdk-11.0.12\bin\server\jvm.dll
0x00007ffcd8360000 - 0x00007ffcd8368000 	C:\WINDOWS\System32\PSAPI.DLL
0x00007ffcc2330000 - 0x00007ffcc2357000 	C:\WINDOWS\SYSTEM32\WINMM.dll
0x00007ffcbd010000 - 0x00007ffcbd019000 	C:\WINDOWS\SYSTEM32\WSOCK32.dll
0x00007ffcd9380000 - 0x00007ffcd93eb000 	C:\WINDOWS\System32\WS2_32.dll
0x00007ffcd5420000 - 0x00007ffcd5432000 	C:\WINDOWS\SYSTEM32\kernel.appcore.dll
0x00007ffcd0e40000 - 0x00007ffcd0e50000 	D:\Java\jdk-11.0.12\bin\verify.dll
0x00007ffcd5100000 - 0x00007ffcd52e4000 	C:\WINDOWS\SYSTEM32\DBGHELP.DLL
0x00007ffcbf1d0000 - 0x00007ffcbf1fc000 	C:\WINDOWS\SYSTEM32\dbgcore.DLL
0x00007ffcd6db0000 - 0x00007ffcd6e33000 	C:\WINDOWS\System32\bcryptPrimitives.dll
0x00007ffcc08e0000 - 0x00007ffcc0908000 	D:\Java\jdk-11.0.12\bin\java.dll
0x00007ffccf930000 - 0x00007ffccf93a000 	D:\Java\jdk-11.0.12\bin\jimage.dll
0x00007ffc9c2e0000 - 0x00007ffc9c318000 	D:\Java\jdk-11.0.12\bin\jdwp.dll
0x00007ffcd0d30000 - 0x00007ffcd0d3e000 	D:\Java\jdk-11.0.12\bin\instrument.dll
0x00007ffcbd8a0000 - 0x00007ffcbd8b6000 	D:\Java\jdk-11.0.12\bin\zip.dll
0x00007ffcd84a0000 - 0x00007ffcd8bdf000 	C:\WINDOWS\System32\SHELL32.dll
0x00007ffcd48a0000 - 0x00007ffcd5030000 	C:\WINDOWS\SYSTEM32\windows.storage.dll
0x00007ffcd7780000 - 0x00007ffcd7ad5000 	C:\WINDOWS\System32\combase.dll
0x00007ffcd65a0000 - 0x00007ffcd65ce000 	C:\WINDOWS\SYSTEM32\Wldp.dll
0x00007ffcd9150000 - 0x00007ffcd91fd000 	C:\WINDOWS\System32\SHCORE.dll
0x00007ffcd9320000 - 0x00007ffcd9375000 	C:\WINDOWS\System32\shlwapi.dll
0x00007ffcd6a90000 - 0x00007ffcd6aaf000 	C:\WINDOWS\SYSTEM32\profapi.dll
0x00007ffcd0d20000 - 0x00007ffcd0d2a000 	D:\Java\jdk-11.0.12\bin\dt_socket.dll
0x00007ffcd6300000 - 0x00007ffcd636a000 	C:\WINDOWS\System32\mswsock.dll
0x00007ffcd5ff0000 - 0x00007ffcd60bb000 	C:\WINDOWS\SYSTEM32\DNSAPI.dll
0x00007ffcd5fa0000 - 0x00007ffcd5fdb000 	C:\WINDOWS\SYSTEM32\IPHLPAPI.DLL
0x00007ffcd8430000 - 0x00007ffcd8438000 	C:\WINDOWS\System32\NSI.dll
0x00007ffccbee0000 - 0x00007ffccbf5f000 	C:\WINDOWS\System32\fwpuclnt.dll
0x00007ffcd7180000 - 0x00007ffcd71a7000 	C:\WINDOWS\System32\bcrypt.dll
0x00007ffccd260000 - 0x00007ffccd26a000 	C:\Windows\System32\rasadhlp.dll
0x00007ffcc0640000 - 0x00007ffcc0659000 	D:\Java\jdk-11.0.12\bin\net.dll
0x00007ffccbf60000 - 0x00007ffccc06c000 	C:\WINDOWS\SYSTEM32\WINHTTP.dll
0x00007ffcc0620000 - 0x00007ffcc0632000 	D:\Java\jdk-11.0.12\bin\nio.dll
0x00007ffc8c950000 - 0x00007ffc8c975000 	D:\Java\jdk-11.0.12\bin\sunec.dll
0x00007ffc933f0000 - 0x00007ffc933fd000 	D:\Java\jdk-11.0.12\bin\sunmscapi.dll
0x00007ffcd6b50000 - 0x00007ffcd6ca6000 	C:\WINDOWS\System32\CRYPT32.dll
0x00007ffcd6610000 - 0x00007ffcd6637000 	C:\WINDOWS\SYSTEM32\ncrypt.dll
0x00007ffcd65d0000 - 0x00007ffcd660b000 	C:\WINDOWS\SYSTEM32\NTASN1.dll
0x00007ffcd6730000 - 0x00007ffcd6742000 	C:\WINDOWS\SYSTEM32\MSASN1.dll
0x00007ffcd6500000 - 0x00007ffcd6518000 	C:\WINDOWS\SYSTEM32\CRYPTSP.dll
0x00007ffcd5c10000 - 0x00007ffcd5c44000 	C:\WINDOWS\system32\rsaenh.dll
0x00007ffcd6a10000 - 0x00007ffcd6a3e000 	C:\WINDOWS\SYSTEM32\USERENV.dll
0x00007ffcd6950000 - 0x00007ffcd695a000 	C:\WINDOWS\SYSTEM32\DPAPI.dll
0x00007ffcd64f0000 - 0x00007ffcd64fc000 	C:\WINDOWS\SYSTEM32\CRYPTBASE.dll
0x00007ffcd53d0000 - 0x00007ffcd53f3000 	C:\WINDOWS\SYSTEM32\gpapi.dll
0x00007ffcceb30000 - 0x00007ffcceb61000 	C:\WINDOWS\SYSTEM32\cryptnet.dll
0x00007ffccee70000 - 0x00007ffccee7b000 	C:\WINDOWS\SYSTEM32\WINNSI.DLL

dbghelp: loaded successfully - version: 4.0.5 - missing functions: none
symbol engine: initialized successfully - sym options: 0x614 - pdb path: .;D:\Java\jdk-11.0.12\bin;C:\WINDOWS\SYSTEM32;C:\WINDOWS\WinSxS\amd64_microsoft.windows.common-controls_6595b64144ccf1df_6.0.19041.1110_none_60b5254171f9507e;D:\Java\jdk-11.0.12\bin\server

VM Arguments:
jvm_args: -agentlib:jdwp=transport=dt_socket,suspend=y,address=localhost:50311 -javaagent:D:\Eclipse\eclipse\configuration\org.eclipse.osgi\222\0\.cp\lib\javaagent-shaded.jar -Dfile.encoding=Cp1252 
java_command: main.Main
java_class_path (initial): D:\Eclipse-workspace\firmaDigital\target\classes;D:\Eclipse-workspace\firmaDigital\lib\appframework-1.0.3.jar;D:\Eclipse-workspace\firmaDigital\lib\barcode4j-2.0.jar;D:\Eclipse-workspace\firmaDigital\lib\batik-anim.jar;D:\Eclipse-workspace\firmaDigital\lib\batik-awt-util.jar;D:\Eclipse-workspace\firmaDigital\lib\batik-bridge.jar;D:\Eclipse-workspace\firmaDigital\lib\batik-css.jar;D:\Eclipse-workspace\firmaDigital\lib\batik-dom.jar;D:\Eclipse-workspace\firmaDigital\lib\batik-ext.jar;D:\Eclipse-workspace\firmaDigital\lib\batik-gvt.jar;D:\Eclipse-workspace\firmaDigital\lib\batik-parser.jar;D:\Eclipse-workspace\firmaDigital\lib\batik-script.jar;D:\Eclipse-workspace\firmaDigital\lib\batik-svg-dom.jar;D:\Eclipse-workspace\firmaDigital\lib\batik-svggen.jar;D:\Eclipse-workspace\firmaDigital\lib\batik-util.jar;D:\Eclipse-workspace\firmaDigital\lib\batik-xml.jar;D:\Eclipse-workspace\firmaDigital\lib\bcmail-jdk16-1.43.jar;D:\Eclipse-workspace\firmaDigital\lib\bcprov-jdk16-1.43.jar;D:\Eclipse-workspace\firmaDigital\lib\bctsp-jdk16-1.43.jar;D:\Eclipse-workspace\firmaDigital\lib\cliente-ws-offline.jar;D:\Eclipse-workspace\firmaDigital\lib\XadesBes.jar;D:\Eclipse-workspace\firmaDigital\lib\xml-apis.jar;D:\Eclipse-workspace\firmaDigital\lib\MITyCLibXADES-1.0.4.jar;D:\Eclipse-workspace\firmaDigital\lib\napkinlaf-alpha001.jar;D:\Eclipse-workspace\firmaDigital\lib\swing-worker-1.1.jar;D:\Eclipse-workspace\firmaDigital\lib\tradise_crypto_transport.jar;D:\Eclipse-workspace\firmaDigital\lib\tradise-common.jar;D:\Eclipse-workspace\firmaDigital\lib\tradise-crypto-api.jar;D:\Eclipse-workspace\firmaDigital\lib\tradise-utils.jar;D:\Eclipse-workspace\firmaDigital\lib\xml-apis-ext.jar;D:\Eclipse-workspace\firmaDigital\lib\xmlpull-1.1.3.1.jar;D:\Eclipse-workspace\firmaDigital\lib\xmlsec-1.4.2-ADSI-1.0.jar;D:\Eclipse-workspace\firmaDigital\lib\xstream-1.4.1.jar;D:\Eclipse-workspace\firmaDigital\lib\commons-beanutils-1.8.2.jar;D:\Eclipse-workspace\firmaDigital\lib\comm
Launcher Type: SUN_STANDARD

[Global flags]
     intx CICompilerCount                          = 4                                         {product} {ergonomic}
     uint ConcGCThreads                            = 3                                         {product} {ergonomic}
     uint G1ConcRefinementThreads                  = 10                                        {product} {ergonomic}
   size_t G1HeapRegionSize                         = 1048576                                   {product} {ergonomic}
    uintx GCDrainStackTargetSize                   = 64                                        {product} {ergonomic}
   size_t InitialHeapSize                          = 266338304                                 {product} {ergonomic}
   size_t MarkStackSize                            = 4194304                                   {product} {ergonomic}
   size_t MaxHeapSize                              = 4242538496                                {product} {ergonomic}
   size_t MaxNewSize                               = 2544893952                                {product} {ergonomic}
   size_t MinHeapDeltaBytes                        = 1048576                                   {product} {ergonomic}
    uintx NonNMethodCodeHeapSize                   = 5836300                                {pd product} {ergonomic}
    uintx NonProfiledCodeHeapSize                  = 122910970                              {pd product} {ergonomic}
    uintx ProfiledCodeHeapSize                     = 122910970                              {pd product} {ergonomic}
    uintx ReservedCodeCacheSize                    = 251658240                              {pd product} {ergonomic}
     bool SegmentedCodeCache                       = true                                      {product} {ergonomic}
     bool UseCompressedClassPointers               = true                                 {lp64_product} {ergonomic}
     bool UseCompressedOops                        = true                                 {lp64_product} {ergonomic}
     bool UseG1GC                                  = true                                      {product} {ergonomic}
     bool UseLargePagesIndividualAllocation        = false                                  {pd product} {ergonomic}

Logging:
Log output configuration:
 #0: stdout all=warning uptime,level,tags
 #1: stderr all=off uptime,level,tags

Environment Variables:
CLASSPATH=C:\Users\Jorge\.m2\repository;D:\Clases;
PATH=C:\Program Files\Common Files\Oracle\Java\javapath;C:\Program Files (x86)\Common Files\Oracle\Java\javapath;C:\Program Files\Microsoft MPI\Bin\;D:\ImageMagick\ImageMagick-7.1.0-Q16-HDRI;C:\Program Files (x86)\VMware\VMware Workstation\bin\;C:\Program Files (x86)\Intel\Intel(R) Management Engine Components\iCLS\;C:\Program Files\Intel\Intel(R) Management Engine Components\iCLS\;C:\Windows\system32;C:\Windows;C:\Windows\System32\Wbem;C:\Windows\System32\WindowsPowerShell\v1.0\;C:\Windows\System32\OpenSSH\;C:\Program Files (x86)\Intel\Intel(R) Management Engine Components\DAL;C:\Program Files\Intel\Intel(R) Management Engine Components\DAL;C:\Program Files (x86)\Intel\Intel(R) Management Engine Components\IPT;C:\Program Files\Intel\Intel(R) Management Engine Components\IPT;C:\Program Files (x86)\NVIDIA Corporation\PhysX\Common;C:\Program Files\Intel\WiFi\bin\;C:\Program Files\Common Files\Intel\WirelessCommon\;C:\WINDOWS\system32;C:\WINDOWS;C:\WINDOWS\System32\Wbem;C:\WINDOWS\System32\WindowsPowerShell\v1.0\;C:\WINDOWS\System32\OpenSSH\;C:\Program Files\Git\cmd;C:\laragon\bin\php\php-7.4.19-Win32-vc15-x64;C:\ProgramData\ComposerSetup\bin;C:\Program Files\nodejs\;C:\Program Files\Microsoft SQL Server\Client SDK\ODBC\130\Tools\Binn\;D:\Microsoft Sql Server\130\Tools\Binn\;C:\Program Files\Microsoft SQL Server\130\Tools\Binn\;D:\Microsoft Sql Server\130\DTS\Binn\;C:\Program Files\Microsoft SQL Server\130\DTS\Binn\;C:\Program Files\Azure Data Studio\bin;C:\Program Files\dotnet\;C:\Program Files\Microsoft SQL Server\Client SDK\ODBC\170\Tools\Binn\;D:\Microsoft Sql Server\150\DTS\Binn\;C:\Program Files (x86)\dotnet\;D:\Java\Jdk\8U301\bin;D:\Java\Jre\jre.1.8.0_311\bin;D:\Java\jdk-11.0.12\bin;C:\Program Files\MySQL\MySQL Shell 8.0\bin\
USERNAME=Jorge
OS=Windows_NT
PROCESSOR_IDENTIFIER=Intel64 Family 6 Model 158 Stepping 10, GenuineIntel



---------------  S Y S T E M  ---------------

OS: Windows 10 , 64 bit Build 19041 (10.0.19041.1348)

CPU:total 12 (initial active 12) (6 cores per cpu, 2 threads per core) family 6 model 158 stepping 10 microcode 0xb4, cmov, cx8, fxsr, mmx, sse, sse2, sse3, ssse3, sse4.1, sse4.2, popcnt, avx, avx2, aes, clmul, erms, 3dnowpref, lzcnt, ht, tsc, tscinvbit, bmi1, bmi2, adx, fma

Memory: 4k page, system-wide physical 16178M (5017M free)
TotalPageFile size 30514M (AvailPageFile size 14455M)
current process WorkingSet (physical memory assigned to process): 67M, peak: 68M
current process commit charge ("private bytes"): 352M, peak: 354M

vm_info: Java HotSpot(TM) 64-Bit Server VM (11.0.12+8-LTS-237) for windows-amd64 JRE (11.0.12+8-LTS-237), built on Jun  8 2021 11:25:59 by "mach5one" with MS VC++ 15.9 (VS2017)

END.
